
// ==========================================================================
//  GPLEX error listing for lex source file <kompilator.lex>
// ==========================================================================
//  Version:  1.2.2
//  Machine:  DESKTOP-G428VO0
//  DateTime: 13/06/2020 11:34:12
//  UserName: Mateusz
// ==========================================================================


%using Parser;           //include the namespace of the generated Parser-class
%Namespace Scanner       //names the Namespace of the generated Scanner-class
//^^^^^^^^-^^^
// Error: Unknown LEX tag name
// Error: Illegal character in this context
// Error: Illegal character in this context
// Error: Illegal character in this context
// ----------------------------------------
%visibility public       //visibility of the types "Tokens","ScanBase","Scanner"
%scannertype Scanner     //names the Scannerclass to "Scanner"
%scanbasetype ScanBase   //names the Scanbaseclass to "ScanBase"
%tokentype Tokens        //names the Tokenenumeration to "Tokens"

%option codePage:65001 out:Scanner.cs /*see the documentation of GPLEX for further Options you can use */
//-----^^^^^^^^^^^^^^^^^^^^^^^^^^^^^^^^^^^^^^^^^^^^^^^^^^^^^^^^^^^^^^^^^^^^^^^^^
// Error: Unrecognized "%option" command  <you> 
// Error: Unrecognized "%option" command  <Options> 
// Error: Unrecognized "%option" command  <further> 
// Error: Unrecognized "%option" command  <*/> 
// Error: Unrecognized "%option" command  <use> 
// Error: Unrecognized "%option" command  <can> 
// Error: Unrecognized "%option" command  <documentation> 
// Error: Unrecognized "%option" command  <the> 
// Error: Unrecognized "%option" command  </*see> 
// Error: Unrecognized "%option" command  <for> 
// Error: Unrecognized "%option" command  <GPLEX> 
// Error: Unrecognized "%option" command  <of> 
// -------------------------------------------------------

%{ //user-specified code will be copied in the Output-file
%}

OR [Oo][Rr]
AND [Aa][Nn][Dd]
Identifier [A-Za-z][A-Za-z0-9_]*

%% //Rules Section
// Error: No namespace has been defined
// ------------------------------------
%{ //user-code that will be executed before getting the next token
%}

{OR}           {return (int)Tokens.kwAND;}
{AND}          {return (int)Tokens.kwAND;}
{Identifier}   {yylval = yytext; return (int)Tokens.ID;}

%% //User-code Section// ==========================================================================

